proguard/mapping.txt
com.yifandroid.wizdroid.GuiceModule -> com.yifandroid.wizdroid.a:
    android.content.Context context -> b
    void configure() -> a
    android.content.Context access$0(com.yifandroid.wizdroid.GuiceModule) -> a
com.yifandroid.wizdroid.GuiceModule$1 -> com.yifandroid.wizdroid.b:
    com.yifandroid.wizdroid.GuiceModule this$0 -> a
    android.media.AudioManager get() -> b
    java.lang.Object get() -> a
com.yifandroid.wizdroid.GuiceModule$2 -> com.yifandroid.wizdroid.c:
    com.yifandroid.wizdroid.GuiceModule this$0 -> a
    android.app.AlarmManager get() -> b
    java.lang.Object get() -> a
com.yifandroid.wizdroid.WizAlarmReceiver -> com.yifandroid.wizdroid.WizAlarmReceiver:
    android.media.AudioManager audioManager -> a
    android.content.ComponentName componentName -> b
    void onReceive(android.content.Context,android.content.Intent) -> onReceive
com.yifandroid.wizdroid.WizDroidAcitivity -> com.yifandroid.wizdroid.WizDroidAcitivity:
    com.yifandroid.wizdroid.WizLog.WizLogger wizLogger -> f
    com.yifandroid.wizdroid.WizOnAudioFocusChangeListener listener -> g
    android.media.AudioManager audioManager -> h
    android.app.AlarmManager alarmManager -> i
    android.content.ComponentName componentName -> j
    android.content.Context mContext -> k
    android.widget.ImageView wizOn -> a
    android.widget.ImageView wizOff -> b
    android.widget.ToggleButton wizToggleButton -> c
    android.view.animation.Animation animationSlideInLeft -> d
    android.view.animation.Animation animationSlideOutRight -> e
    android.widget.CompoundButton$OnCheckedChangeListener mOnCheckedChangeListener -> l
    void onCreate(android.os.Bundle) -> onCreate
    void onResume() -> onResume
    void onPause() -> onPause
    void getAudioFocus() -> a
    void init() -> b
    void onDestroy() -> onDestroy
    void requestMediaButtonReceiver(boolean) -> a
    void transitionAnimation(boolean) -> b
    void prepAnimation() -> c
    boolean onCreateOptionsMenu(android.view.Menu) -> onCreateOptionsMenu
    void access$0(com.yifandroid.wizdroid.WizDroidAcitivity,boolean) -> a
    void access$1(com.yifandroid.wizdroid.WizDroidAcitivity,boolean) -> b
    android.content.Context access$2(com.yifandroid.wizdroid.WizDroidAcitivity) -> a
com.yifandroid.wizdroid.WizDroidAcitivity$1 -> com.yifandroid.wizdroid.d:
    com.yifandroid.wizdroid.WizDroidAcitivity this$0 -> a
    void onCheckedChanged(android.widget.CompoundButton,boolean) -> onCheckedChanged
com.yifandroid.wizdroid.WizLog.LogFormatter -> com.yifandroid.wizdroid.a.a:
    java.text.DateFormat dateFormat -> a
    com.yifandroid.wizdroid.WizLog.LogFormatter newInstance() -> a
    java.lang.String format(com.yifandroid.wizdroid.WizLog.LogLevel,java.lang.Object,java.lang.Throwable) -> a
    java.lang.String toString(java.lang.Throwable) -> a
com.yifandroid.wizdroid.WizLog.LogHandler -> com.yifandroid.wizdroid.a.b:
    java.lang.String logTag -> a
    com.yifandroid.wizdroid.WizLog.LogFormatter logFormatter -> b
    com.yifandroid.wizdroid.WizLog.LogLevel level -> c
    int[] $SWITCH_TABLE$com$yifandroid$wizdroid$WizLog$LogLevel -> d
    com.yifandroid.wizdroid.WizLog.LogLevel getLevel() -> a
    void handleDebug(java.lang.Object) -> a
    void handleInfo(java.lang.Object) -> b
    void handleWarning(java.lang.Object) -> c
    void handleError(java.lang.Object,java.lang.Throwable) -> a
    void handleFatal(java.lang.Object,java.lang.Throwable) -> b
    void log(com.yifandroid.wizdroid.WizLog.LogLevel,java.lang.Object,java.lang.Throwable) -> a
    int[] $SWITCH_TABLE$com$yifandroid$wizdroid$WizLog$LogLevel() -> b
com.yifandroid.wizdroid.WizLog.LogHandlerProvider -> com.yifandroid.wizdroid.a.c:
    com.yifandroid.wizdroid.WizLog.LogHandler get() -> b
    java.lang.Object get() -> a
...
com.google.inject.internal.InternalInjectorCreator$ToolStageInjector -> com.a.a.b.cl:
    com.google.inject.Injector delegateInjector -> a
    void injectMembers(java.lang.Object) -> a
com.google.inject.internal.LinkedBindingImpl -> com.a.a.b.cm:
    com.google.inject.Key targetKey -> a
    java.lang.Object acceptTargetVisitor(com.google.inject.spi.BindingTargetVisitor) -> a
    com.google.inject.Key getLinkedKey() -> h
    java.util.Set getDependencies() -> m
    com.google.inject.internal.BindingImpl withScoping(com.google.inject.internal.Scoping) -> a
    java.lang.String toString() -> toString
    boolean equals(java.lang.Object) -> equals
    int hashCode() -> hashCode
com.google.inject.internal.LinkedProviderBindingImpl -> com.a.a.b.cn:
    com.google.inject.Key providerKey -> a
    java.lang.Object acceptTargetVisitor(com.google.inject.spi.BindingTargetVisitor) -> a
    com.google.inject.Key getProviderKey() -> h
    java.util.Set getDependencies() -> m
    com.google.inject.internal.BindingImpl withScoping(com.google.inject.internal.Scoping) -> a
    java.lang.String toString() -> toString
    boolean equals(java.lang.Object) -> equals
    int hashCode() -> hashCode
com.google.inject.internal.LookupProcessor -> com.a.a.b.co:
    java.lang.Boolean visit(com.google.inject.spi.ProviderLookup) -> a
    java.lang.Object visit(com.google.inject.spi.ProviderLookup) -> b
com.google.inject.internal.Lookups -> com.a.a.b.cp:
com.google.inject.internal.MembersInjectorImpl -> com.a.a.b.cq:
    com.google.inject.TypeLiteral typeLiteral -> a
    com.google.inject.internal.InjectorImpl injector -> b
    com.google.inject.internal.util.$ImmutableList memberInjectors -> c
    com.google.inject.internal.util.$ImmutableList userMembersInjectors -> d
    com.google.inject.internal.util.$ImmutableList injectionListeners -> e
    void injectMembers(java.lang.Object) -> a
    void injectAndNotify(java.lang.Object,com.google.inject.internal.Errors,boolean) -> a
    void notifyListeners(java.lang.Object,com.google.inject.internal.Errors) -> a
    void injectMembers(java.lang.Object,com.google.inject.internal.Errors,com.google.inject.internal.InternalContext,boolean) -> a
    java.lang.String toString() -> toString
    com.google.inject.internal.util.$ImmutableSet getInjectionPoints() -> a
com.google.inject.internal.MembersInjectorImpl$1 -> com.a.a.b.cr:
    java.lang.Object val$instance -> a
    com.google.inject.internal.Errors val$errors -> b
    boolean val$toolableOnly -> c
    com.google.inject.internal.MembersInjectorImpl this$0 -> d
    java.lang.Void call(com.google.inject.internal.InternalContext) -> b
    java.lang.Object call(com.google.inject.internal.InternalContext) -> a
com.google.inject.internal.MembersInjectorStore -> com.a.a.b.cs:
    com.google.inject.internal.InjectorImpl injector -> a
    com.google.inject.internal.util.$ImmutableList typeListenerBindings -> b
    com.google.inject.internal.FailableCache cache -> c
    boolean hasTypeListeners() -> a
    com.google.inject.internal.MembersInjectorImpl get(com.google.inject.TypeLiteral,com.google.inject.internal.Errors) -> a
    boolean remove(com.google.inject.TypeLiteral) -> a
    com.google.inject.internal.MembersInjectorImpl createWithListeners(com.google.inject.TypeLiteral,com.google.inject.internal.Errors) -> b
    com.google.inject.internal.util.$ImmutableList getInjectors(java.util.Set,com.google.inject.internal.Errors) -> a
    com.google.inject.internal.MembersInjectorImpl access$000(com.google.inject.internal.MembersInjectorStore,com.google.inject.TypeLiteral,com.google.inject.internal.Errors) -> a