proguard/usage.txt
com.yifandroid.wizdroid.BuildConfig
com.yifandroid.wizdroid.R
com.yifandroid.wizdroid.R$attr
com.yifandroid.wizdroid.R$color
com.yifandroid.wizdroid.R$dimen
com.yifandroid.wizdroid.R$drawable
com.yifandroid.wizdroid.R$id
com.yifandroid.wizdroid.R$layout
com.yifandroid.wizdroid.R$menu
com.yifandroid.wizdroid.R$string
com.yifandroid.wizdroid.R$style
com.yifandroid.wizdroid.WizDroidAcitivity:
    private static final int WIZFREQUENCY
com.yifandroid.wizdroid.WizLog.LogFormatter:
    public static final java.lang.String NL
    public static final java.lang.String DEFAULT_DATE_FORMAT_NOW
com.yifandroid.wizdroid.WizLog.LogHandler:
    public static final java.lang.String TAG
    32:33:public void setLevel(com.yifandroid.wizdroid.WizLog.LogLevel)
com.yifandroid.wizdroid.WizLog.WizLogger:
    17:19:public WizLogger(com.yifandroid.wizdroid.WizLog.LogHandler)
    26:28:public varargs void debug(java.lang.String,java.lang.Object[])
    31:32:public void info(java.lang.Object)
    35:37:public varargs void info(java.lang.String,java.lang.Object[])
    40:41:public void warn(java.lang.Object)
    44:46:public varargs void warn(java.lang.String,java.lang.Object[])
    49:51:public varargs void error(java.lang.String,java.lang.Object[])
    54:55:public void error(java.lang.Object,java.lang.Throwable)
    58:59:public void fatal(java.lang.Object)
com.yifandroid.wizdroid.WizOnAudioFocusChangeListener:
    21:25:WizOnAudioFocusChangeListener(android.media.AudioManager,android.content.ComponentName,com.yifandroid.wizdroid.WizLog.WizLogger)
...
android.support.v4.view.ViewGroupCompat$ViewGroupCompatImpl
android.support.v4.view.ViewGroupCompat$ViewGroupCompatStubImpl
android.support.v4.view.ViewGroupCompatIcs
android.support.v4.view.ViewPager:
    private static final java.lang.String TAG
    private static final boolean DEBUG
    private static final boolean USE_CACHE
    private static final int DEFAULT_OFFSCREEN_PAGES
    private static final int MAX_SETTLE_DURATION
    private static final int MIN_DISTANCE_FOR_FLING
    private static final int DEFAULT_GUTTER_SIZE
    private boolean mIgnoreGutter
    private static final int INVALID_POINTER
    private static final int CLOSE_ENOUGH
    private long mFakeDragBeginTime
    public static final int SCROLL_STATE_IDLE
    public static final int SCROLL_STATE_DRAGGING
    public static final int SCROLL_STATE_SETTLING
    296:298:public ViewPager(android.content.Context)
    301:303:public ViewPager(android.content.Context,android.util.AttributeSet)
    306:330:void initViewPager()
    514:516:android.support.v4.view.ViewPager$OnPageChangeListener setInternalPageChangeListener(android.support.v4.view.ViewPager$OnPageChangeListener)
    638:639:void smoothScrollTo(int,int)
    2025:2041:public boolean beginFakeDrag()
    2051:2072:public void endFakeDrag()
    2082:2120:public void fakeDragBy(float)
    2132:2132:public boolean isFakeDragging()
    82:82:static synthetic android.support.v4.view.PagerAdapter access$100(android.support.v4.view.ViewPager)
    82:82:static synthetic int access$200(android.support.v4.view.ViewPager)
android.support.v4.view.ViewPager$MyAccessibilityDelegate
android.support.v4.view.ViewPager$SimpleOnPageChangeListener
android.support.v4.view.accessibility.AccessibilityEventCompat
android.support.v4.view.accessibility.AccessibilityEventCompat$AccessibilityEventIcsImpl
android.support.v4.view.accessibility.AccessibilityEventCompat$AccessibilityEventStubImpl
android.support.v4.view.accessibility.AccessibilityEventCompat$AccessibilityEventVersionImpl
android.support.v4.view.accessibility.AccessibilityEventCompatIcs
android.support.v4.view.accessibility.AccessibilityManagerCompat
android.support.v4.view.accessibility.AccessibilityManagerCompat$AccessibilityManagerIcsImpl
android.support.v4.view.accessibility.AccessibilityManagerCompat$AccessibilityManagerIcsImpl$1
android.support.v4.view.accessibility.AccessibilityManagerCompat$AccessibilityManagerStubImpl
android.support.v4.view.accessibility.AccessibilityManagerCompat$AccessibilityManagerVersionImpl
android.support.v4.view.accessibility.AccessibilityManagerCompat$AccessibilityStateChangeListenerCompat
android.support.v4.view.accessibility.AccessibilityManagerCompatIcs
android.support.v4.view.accessibility.AccessibilityManagerCompatIcs$1
android.support.v4.view.accessibility.AccessibilityManagerCompatIcs$AccessibilityStateChangeListenerBridge
android.support.v4.view.accessibility.AccessibilityNodeInfoCompat
android.support.v4.view.accessibility.AccessibilityNodeInfoCompat$AccessibilityNodeInfoIcsImpl
android.support.v4.view.accessibility.AccessibilityNodeInfoCompat$AccessibilityNodeInfoImpl
android.support.v4.view.accessibility.AccessibilityNodeInfoCompat$AccessibilityNodeInfoJellybeanImpl
android.support.v4.view.accessibility.AccessibilityNodeInfoCompat$AccessibilityNodeInfoStubImpl
android.support.v4.view.accessibility.AccessibilityNodeInfoCompatIcs
android.support.v4.view.accessibility.AccessibilityNodeInfoCompatJellyBean
android.support.v4.view.accessibility.AccessibilityNodeProviderCompat
android.support.v4.view.accessibility.AccessibilityNodeProviderCompat$AccessibilityNodeProviderImpl
android.support.v4.view.accessibility.AccessibilityNodeProviderCompat$AccessibilityNodeProviderJellyBeanImpl
android.support.v4.view.accessibility.AccessibilityNodeProviderCompat$AccessibilityNodeProviderJellyBeanImpl$1